[Thu May 20 08:19:38.820525 2021] [ssl:warn] [pid 24940:tid 552] AH01909: www.example.com:443:0 server certificate does NOT include an ID which matches the server name
[Thu May 20 08:19:38.854526 2021] [ssl:warn] [pid 24940:tid 552] AH01909: www.example.com:443:0 server certificate does NOT include an ID which matches the server name
[Thu May 20 08:19:38.878523 2021] [mpm_winnt:notice] [pid 24940:tid 552] AH00455: Apache/2.4.47 (Win64) OpenSSL/1.1.1k PHP/8.0.6 configured -- resuming normal operations
[Thu May 20 08:19:38.878523 2021] [mpm_winnt:notice] [pid 24940:tid 552] AH00456: Apache Lounge VS16 Server built: Apr 24 2021 11:08:47
[Thu May 20 08:19:38.878523 2021] [core:notice] [pid 24940:tid 552] AH00094: Command line: 'C:\\xampp\\apache\\bin\\httpd.exe -d C:/xampp/apache'
[Thu May 20 08:19:38.886526 2021] [mpm_winnt:notice] [pid 24940:tid 552] AH00418: Parent: Created child process 29028
[Thu May 20 08:19:39.258521 2021] [ssl:warn] [pid 29028:tid 576] AH01909: www.example.com:443:0 server certificate does NOT include an ID which matches the server name
[Thu May 20 08:19:39.287521 2021] [ssl:warn] [pid 29028:tid 576] AH01909: www.example.com:443:0 server certificate does NOT include an ID which matches the server name
[Thu May 20 08:19:39.306522 2021] [mpm_winnt:notice] [pid 29028:tid 576] AH00354: Child: Starting 150 worker threads.
[Thu May 20 08:22:34.465167 2021] [ssl:warn] [pid 23464:tid 576] AH01909: www.example.com:443:0 server certificate does NOT include an ID which matches the server name
[Thu May 20 08:22:34.508159 2021] [ssl:warn] [pid 23464:tid 576] AH01909: www.example.com:443:0 server certificate does NOT include an ID which matches the server name
[Thu May 20 08:22:34.540158 2021] [mpm_winnt:notice] [pid 23464:tid 576] AH00455: Apache/2.4.47 (Win64) OpenSSL/1.1.1k PHP/8.0.6 configured -- resuming normal operations
[Thu May 20 08:22:34.540158 2021] [mpm_winnt:notice] [pid 23464:tid 576] AH00456: Apache Lounge VS16 Server built: Apr 24 2021 11:08:47
[Thu May 20 08:22:34.540158 2021] [core:notice] [pid 23464:tid 576] AH00094: Command line: 'c:\\xampp\\apache\\bin\\httpd.exe -d C:/xampp/apache'
[Thu May 20 08:22:34.545160 2021] [mpm_winnt:notice] [pid 23464:tid 576] AH00418: Parent: Created child process 19552
[Thu May 20 08:22:35.130159 2021] [ssl:warn] [pid 19552:tid 652] AH01909: www.example.com:443:0 server certificate does NOT include an ID which matches the server name
[Thu May 20 08:22:35.184158 2021] [ssl:warn] [pid 19552:tid 652] AH01909: www.example.com:443:0 server certificate does NOT include an ID which matches the server name
[Thu May 20 08:22:35.212159 2021] [mpm_winnt:notice] [pid 19552:tid 652] AH00354: Child: Starting 150 worker threads.
[Thu May 20 08:30:54.685834 2021] [php:notice] [pid 19552:tid 1860] [client ::1:59574] Error Unknown column 'wp_' in 'field list' de la base de datos de WordPress para la consulta SELECT wp_, referer: http://localhost/daw/wp-admin/setup-config.php?step=1&language=es_ES
[Thu May 20 08:30:54.694337 2021] [php:notice] [pid 19552:tid 1860] [client ::1:59574] Error Incorrect table name '' de la base de datos de WordPress para la consulta INSERT INTO `` (`option_name`, `option_value`, `autoload`) VALUES ('nonce_key', '5!s2|0]y-P/#KXVfuZSaYb4UU_=h_4QPLAGfT3s7y[wSn(T L[mJo<U7>pg3PPKa', 'no') ON DUPLICATE KEY UPDATE `option_name` = VALUES(`option_name`), `option_value` = VALUES(`option_value`), `autoload` = VALUES(`autoload`) realizada por wp_print_scripts, wp_scripts, WP_Scripts->__construct, WP_Scripts->init, do_action_ref_array('wp_default_scripts'), WP_Hook->do_action, WP_Hook->apply_filters, wp_default_scripts, wp_create_nonce, wp_hash, wp_salt, update_site_option, update_network_option, add_network_option, add_option, referer: http://localhost/daw/wp-admin/setup-config.php?step=1&language=es_ES
[Thu May 20 08:30:54.694337 2021] [php:notice] [pid 19552:tid 1860] [client ::1:59574] Error Incorrect table name '' de la base de datos de WordPress para la consulta INSERT INTO `` (`option_name`, `option_value`, `autoload`) VALUES ('nonce_salt', 'P?>Asd/SWhN*=X3hn@0$HK*i=rlJvrYL.2NJ<?$R81n%B#~pt0&~_GfCR5q#+E (', 'no') ON DUPLICATE KEY UPDATE `option_name` = VALUES(`option_name`), `option_value` = VALUES(`option_value`), `autoload` = VALUES(`autoload`) realizada por wp_print_scripts, wp_scripts, WP_Scripts->__construct, WP_Scripts->init, do_action_ref_array('wp_default_scripts'), WP_Hook->do_action, WP_Hook->apply_filters, wp_default_scripts, wp_create_nonce, wp_hash, wp_salt, update_site_option, update_network_option, add_network_option, add_option, referer: http://localhost/daw/wp-admin/setup-config.php?step=1&language=es_ES
[Fri May 28 11:25:40.612840 2021] [ssl:warn] [pid 18732:tid 576] AH01909: www.example.com:443:0 server certificate does NOT include an ID which matches the server name
[Fri May 28 11:25:40.649839 2021] [core:warn] [pid 18732:tid 576] AH00098: pid file C:/xampp/apache/logs/httpd.pid overwritten -- Unclean shutdown of previous Apache run?
[Fri May 28 11:25:40.651840 2021] [ssl:warn] [pid 18732:tid 576] AH01909: www.example.com:443:0 server certificate does NOT include an ID which matches the server name
[Fri May 28 11:25:40.933839 2021] [mpm_winnt:notice] [pid 18732:tid 576] AH00455: Apache/2.4.47 (Win64) OpenSSL/1.1.1k PHP/8.0.6 configured -- resuming normal operations
[Fri May 28 11:25:40.933839 2021] [mpm_winnt:notice] [pid 18732:tid 576] AH00456: Apache Lounge VS16 Server built: Apr 24 2021 11:08:47
[Fri May 28 11:25:40.933839 2021] [core:notice] [pid 18732:tid 576] AH00094: Command line: 'c:\\xampp\\apache\\bin\\httpd.exe -d C:/xampp/apache'
[Fri May 28 11:25:40.936842 2021] [mpm_winnt:notice] [pid 18732:tid 576] AH00418: Parent: Created child process 14804
[Fri May 28 11:25:41.325364 2021] [ssl:warn] [pid 14804:tid 568] AH01909: www.example.com:443:0 server certificate does NOT include an ID which matches the server name
[Fri May 28 11:25:41.357470 2021] [ssl:warn] [pid 14804:tid 568] AH01909: www.example.com:443:0 server certificate does NOT include an ID which matches the server name
[Fri May 28 11:25:41.376472 2021] [mpm_winnt:notice] [pid 14804:tid 568] AH00354: Child: Starting 150 worker threads.
[Fri Jun 04 08:15:04.450139 2021] [ssl:warn] [pid 28780:tid 468] AH01909: www.example.com:443:0 server certificate does NOT include an ID which matches the server name
[Fri Jun 04 08:15:04.492139 2021] [core:warn] [pid 28780:tid 468] AH00098: pid file C:/xampp/apache/logs/httpd.pid overwritten -- Unclean shutdown of previous Apache run?
[Fri Jun 04 08:15:04.495141 2021] [ssl:warn] [pid 28780:tid 468] AH01909: www.example.com:443:0 server certificate does NOT include an ID which matches the server name
[Fri Jun 04 08:15:04.813140 2021] [mpm_winnt:notice] [pid 28780:tid 468] AH00455: Apache/2.4.47 (Win64) OpenSSL/1.1.1k PHP/8.0.6 configured -- resuming normal operations
[Fri Jun 04 08:15:04.813140 2021] [mpm_winnt:notice] [pid 28780:tid 468] AH00456: Apache Lounge VS16 Server built: Apr 24 2021 11:08:47
[Fri Jun 04 08:15:04.813140 2021] [core:notice] [pid 28780:tid 468] AH00094: Command line: 'c:\\xampp\\apache\\bin\\httpd.exe -d C:/xampp/apache'
[Fri Jun 04 08:15:04.916139 2021] [mpm_winnt:notice] [pid 28780:tid 468] AH00418: Parent: Created child process 22404
[Fri Jun 04 08:15:05.493387 2021] [ssl:warn] [pid 22404:tid 528] AH01909: www.example.com:443:0 server certificate does NOT include an ID which matches the server name
[Fri Jun 04 08:15:05.532387 2021] [ssl:warn] [pid 22404:tid 528] AH01909: www.example.com:443:0 server certificate does NOT include an ID which matches the server name
[Fri Jun 04 08:15:05.556389 2021] [mpm_winnt:notice] [pid 22404:tid 528] AH00354: Child: Starting 150 worker threads.
[Sat Jun 05 19:59:36.588131 2021] [ssl:warn] [pid 13628:tid 528] AH01909: www.example.com:443:0 server certificate does NOT include an ID which matches the server name
[Sat Jun 05 19:59:36.626131 2021] [core:warn] [pid 13628:tid 528] AH00098: pid file C:/xampp/apache/logs/httpd.pid overwritten -- Unclean shutdown of previous Apache run?
[Sat Jun 05 19:59:36.629130 2021] [ssl:warn] [pid 13628:tid 528] AH01909: www.example.com:443:0 server certificate does NOT include an ID which matches the server name
[Sat Jun 05 19:59:36.969128 2021] [mpm_winnt:notice] [pid 13628:tid 528] AH00455: Apache/2.4.47 (Win64) OpenSSL/1.1.1k PHP/8.0.6 configured -- resuming normal operations
[Sat Jun 05 19:59:36.969128 2021] [mpm_winnt:notice] [pid 13628:tid 528] AH00456: Apache Lounge VS16 Server built: Apr 24 2021 11:08:47
[Sat Jun 05 19:59:36.969128 2021] [core:notice] [pid 13628:tid 528] AH00094: Command line: 'c:\\xampp\\apache\\bin\\httpd.exe -d C:/xampp/apache'
[Sat Jun 05 19:59:37.029133 2021] [mpm_winnt:notice] [pid 13628:tid 528] AH00418: Parent: Created child process 8784
[Sat Jun 05 19:59:37.577170 2021] [ssl:warn] [pid 8784:tid 588] AH01909: www.example.com:443:0 server certificate does NOT include an ID which matches the server name
[Sat Jun 05 19:59:37.614176 2021] [ssl:warn] [pid 8784:tid 588] AH01909: www.example.com:443:0 server certificate does NOT include an ID which matches the server name
[Sat Jun 05 19:59:37.638174 2021] [mpm_winnt:notice] [pid 8784:tid 588] AH00354: Child: Starting 150 worker threads.
[Sun Jun 06 19:42:29.806486 2021] [access_compat:error] [pid 8784:tid 1788] [client ::1:51805] AH01797: client denied by server configuration: C:/xampp/htdocs/DAW/wp-content/uploads/woocommerce_uploads/, referer: http://localhost/daw/wp-content/uploads/woocommerce_uploads/
[Sun Jun 06 21:45:20.241428 2021] [php:error] [pid 8784:tid 1824] [client ::1:54940] PHP Fatal error:  Uncaught WooCommerce\\PayPalCommerce\\ApiClient\\Exception\\PayPalApiException: [INVALID_REQUEST] Request is not well-formed, syntactically incorrect, or violates schema. in C:\\xampp\\htdocs\\DAW\\wp-content\\plugins\\woocommerce-paypal-payments\\modules\\ppcp-api-client\\src\\Endpoint\\class-partnerreferrals.php:112\nStack trace:\n#0 C:\\xampp\\htdocs\\DAW\\wp-content\\plugins\\woocommerce-paypal-payments\\modules\\ppcp-onboarding\\src\\Render\\class-onboardingrenderer.php(66): WooCommerce\\PayPalCommerce\\ApiClient\\Endpoint\\PartnerReferrals->signup_link()\n#1 C:\\xampp\\htdocs\\DAW\\wp-content\\plugins\\woocommerce-paypal-payments\\modules\\ppcp-onboarding\\src\\class-onboarding-rest-controller.php(311): WooCommerce\\PayPalCommerce\\Onboarding\\Render\\OnboardingRenderer->get_signup_link(true)\n#2 C:\\xampp\\htdocs\\DAW\\wp-content\\plugins\\woocommerce-paypal-payments\\modules\\ppcp-onboarding\\src\\class-onboarding-rest-controller.php(124): WooCommerce\\PayPalCommerce\\Onboarding\\Onboarding_REST_Controller->generate_signup_link('production', Array)\n#3 C:\\xampp\\htdocs\\DAW\\wp-includes\\rest-api\\class-wp-rest-server.php(1139): WooCommerce\\PayPalCommerce\\Onboarding\\Onboarding_REST_Controller->get_params(Object(WP_REST_Request))\n#4 C:\\xampp\\htdocs\\DAW\\wp-includes\\rest-api\\class-wp-rest-server.php(985): WP_REST_Server->respond_to_request(Object(WP_REST_Request), '/wc-paypal/v1/o...', Array, NULL)\n#5 C:\\xampp\\htdocs\\DAW\\wp-includes\\rest-api\\class-wp-rest-server.php(412): WP_REST_Server->dispatch(Object(WP_REST_Request))\n#6 C:\\xampp\\htdocs\\DAW\\wp-includes\\rest-api.php(354): WP_REST_Server->serve_request('/wc-paypal/v1/o...')\n#7 C:\\xampp\\htdocs\\DAW\\wp-includes\\class-wp-hook.php(292): rest_api_loaded(Object(WP))\n#8 C:\\xampp\\htdocs\\DAW\\wp-includes\\class-wp-hook.php(316): WP_Hook->apply_filters(NULL, Array)\n#9 C:\\xampp\\htdocs\\DAW\\wp-includes\\plugin.php(551): WP_Hook->do_action(Array)\n#10 C:\\xampp\\htdocs\\DAW\\wp-includes\\class-wp.php(388): do_action_ref_array('parse_request', Array)\n#11 C:\\xampp\\htdocs\\DAW\\wp-includes\\class-wp.php(750): WP->parse_request('')\n#12 C:\\xampp\\htdocs\\DAW\\wp-includes\\functions.php(1291): WP->main('')\n#13 C:\\xampp\\htdocs\\DAW\\wp-blog-header.php(16): wp()\n#14 C:\\xampp\\htdocs\\DAW\\index.php(17): require('C:\\\\xampp\\\\htdocs...')\n#15 {main}\n  thrown in C:\\xampp\\htdocs\\DAW\\wp-content\\plugins\\woocommerce-paypal-payments\\modules\\ppcp-api-client\\src\\Endpoint\\class-partnerreferrals.php on line 112, referer: http://localhost/daw/wp-admin/admin.php?page=wc-admin&task=payments&method=paypal
